<?xml version="1.0" encoding="UTF-8"?>
<testng-results skipped="0" failed="0" ignored="0" total="2" passed="2">
  <reporter-output>
  </reporter-output>
  <suite name="Default suite" duration-ms="79706" started-at="2020-05-17T20:38:19 IST" finished-at="2020-05-17T20:39:39 IST">
    <groups>
    </groups>
    <test name="Default test" duration-ms="79706" started-at="2020-05-17T20:38:19 IST" finished-at="2020-05-17T20:39:39 IST">
      <class name="tests.Tests">
        <test-method status="PASS" signature="setUp()[pri:0, instance:tests.Tests@2833cc44]" name="setUp" is-config="true" duration-ms="39018" started-at="2020-05-17T20:38:19 IST" finished-at="2020-05-17T20:38:58 IST">
          <reporter-output>
          </reporter-output>
        </test-method> <!-- setUp -->
        <test-method status="PASS" signature="sampleTest()[pri:0, instance:tests.Tests@2833cc44]" name="sampleTest" duration-ms="7" started-at="2020-05-17T20:38:58 IST" finished-at="2020-05-17T20:38:58 IST">
          <reporter-output>
          </reporter-output>
        </test-method> <!-- sampleTest -->
        <test-method status="PASS" signature="test1()[pri:0, instance:tests.Tests@2833cc44]" name="test1" duration-ms="38748" started-at="2020-05-17T20:38:58 IST" finished-at="2020-05-17T20:39:37 IST">
          <reporter-output>
          </reporter-output>
        </test-method> <!-- test1 -->
        <test-method status="PASS" signature="tearDown()[pri:0, instance:tests.Tests@2833cc44]" name="tearDown" is-config="true" duration-ms="1874" started-at="2020-05-17T20:39:37 IST" finished-at="2020-05-17T20:39:39 IST">
          <reporter-output>
          </reporter-output>
        </test-method> <!-- tearDown -->
      </class> <!-- tests.Tests -->
    </test> <!-- Default test -->
  </suite> <!-- Default suite -->
</testng-results>
