<?xml version="1.0" encoding="UTF-8"?>
<testng-results skipped="0" failed="0" ignored="0" total="1" passed="1">
  <reporter-output>
  </reporter-output>
  <suite name="Surefire suite" duration-ms="38016" started-at="2020-05-10T23:56:02 IST" finished-at="2020-05-10T23:56:40 IST">
    <groups>
    </groups>
    <test name="Surefire test" duration-ms="38016" started-at="2020-05-10T23:56:02 IST" finished-at="2020-05-10T23:56:40 IST">
      <class name="tests.BaseClass">
        <test-method status="PASS" signature="setUp()[pri:0, instance:tests.BaseClass@7085bdee]" name="setUp" is-config="true" duration-ms="37947" started-at="2020-05-10T23:56:02 IST" finished-at="2020-05-10T23:56:40 IST">
          <reporter-output>
          </reporter-output>
        </test-method> <!-- setUp -->
        <test-method status="PASS" signature="sampleTest()[pri:0, instance:tests.BaseClass@7085bdee]" name="sampleTest" duration-ms="5" started-at="2020-05-10T23:56:40 IST" finished-at="2020-05-10T23:56:40 IST">
          <reporter-output>
          </reporter-output>
        </test-method> <!-- sampleTest -->
        <test-method status="PASS" signature="tearDown()[pri:0, instance:tests.BaseClass@7085bdee]" name="tearDown" is-config="true" duration-ms="0" started-at="2020-05-10T23:56:40 IST" finished-at="2020-05-10T23:56:40 IST">
          <reporter-output>
          </reporter-output>
        </test-method> <!-- tearDown -->
      </class> <!-- tests.BaseClass -->
    </test> <!-- Surefire test -->
  </suite> <!-- Surefire suite -->
</testng-results>
